<?xml version="1.0" encoding="UTF-8"?>
<!-- Generated by org.testng.reporters.JUnitReportReporter -->
<testsuite skipped="0" hostname="LDCHOWN-58692" name="com.vcentry.lab.runner.MakeMyTripRunner" tests="1" failures="0" timestamp="2023-05-07T15:43:02 IST" time="37.693" errors="0">
  <testcase name="runScenario" time="37.693" classname="com.vcentry.lab.runner.MakeMyTripRunner"/>
  <system-out>
    <![CDATA[Test case pass
Test case pass
Test case pass
Test case pass
Test case pass
Test case pass
Test case pass
Test case pass
Test case pass
Test case pass
Test case pass
Test case pass
Test case pass
Test case pass
Test case pass]]>
  </system-out>
</testsuite> <!-- com.vcentry.lab.runner.MakeMyTripRunner -->
