<?xml version="1.0" encoding="UTF-8"?>
<!-- Generated by org.testng.reporters.JUnitReportReporter -->
<testsuite skipped="0" hostname="LDCHOWN-58692" name="com.vcentry.lab.testCases.CheckOutPageTest" tests="3" failures="0" timestamp="08 Mar 2023 06:56:54 GMT" time="21.293" errors="0">
  <testcase name="validateCheckOutPage" time="7.224" classname="com.vcentry.lab.testCases.CheckOutPageTest"/>
  <testcase name="validateCheckOutPage" time="7.940" classname="com.vcentry.lab.testCases.CheckOutPageTest"/>
  <testcase name="validateCheckOutPage" time="6.129" classname="com.vcentry.lab.testCases.CheckOutPageTest"/>
</testsuite> <!-- com.vcentry.lab.testCases.CheckOutPageTest -->
